{"C:\\Users\\dell\\Desktop\\gulab jaamun food ordering app\\src\\components\\Body.tsx": {"path":"C:\\Users\\dell\\Desktop\\gulab jaamun food ordering app\\src\\components\\Body.tsx","statementMap":{"0":{"start":{"line":27,"column":13},"end":{"line":145,"column":1}},"1":{"start":{"line":31,"column":52},"end":{"line":31,"column":78}},"2":{"start":{"line":32,"column":52},"end":{"line":32,"column":78}},"3":{"start":{"line":33,"column":38},"end":{"line":33,"column":58}},"4":{"start":{"line":35,"column":18},"end":{"line":35,"column":36}},"5":{"start":{"line":40,"column":2},"end":{"line":42,"column":9}},"6":{"start":{"line":41,"column":4},"end":{"line":41,"column":16}},"7":{"start":{"line":44,"column":20},"end":{"line":63,"column":3}},"8":{"start":{"line":45,"column":4},"end":{"line":62,"column":5}},"9":{"start":{"line":46,"column":19},"end":{"line":48,"column":7}},"10":{"start":{"line":50,"column":19},"end":{"line":50,"column":36}},"11":{"start":{"line":53,"column":8},"end":{"line":54,"column":29}},"12":{"start":{"line":56,"column":6},"end":{"line":59,"column":7}},"13":{"start":{"line":57,"column":8},"end":{"line":57,"column":42}},"14":{"start":{"line":58,"column":8},"end":{"line":58,"column":41}},"15":{"start":{"line":61,"column":6},"end":{"line":61,"column":51}},"16":{"start":{"line":65,"column":23},"end":{"line":76,"column":3}},"17":{"start":{"line":66,"column":4},"end":{"line":66,"column":25}},"18":{"start":{"line":68,"column":32},"end":{"line":73,"column":6}},"19":{"start":{"line":70,"column":6},"end":{"line":72,"column":45}},"20":{"start":{"line":75,"column":4},"end":{"line":75,"column":45}},"21":{"start":{"line":78,"column":32},"end":{"line":78,"column":49}},"22":{"start":{"line":80,"column":2},"end":{"line":82,"column":3}},"23":{"start":{"line":81,"column":4},"end":{"line":81,"column":26}},"24":{"start":{"line":86,"column":2},"end":{"line":144,"column":4}},"25":{"start":{"line":98,"column":12},"end":{"line":98,"column":41}},"26":{"start":{"line":107,"column":41},"end":{"line":109,"column":13}},"27":{"start":{"line":108,"column":23},"end":{"line":108,"column":48}},"28":{"start":{"line":110,"column":12},"end":{"line":110,"column":54}},"29":{"start":{"line":127,"column":10},"end":{"line":135,"column":12}}},"fnMap":{"0":{"name":"(anonymous_0)","decl":{"start":{"line":27,"column":13},"end":{"line":27,"column":14}},"loc":{"start":{"line":27,"column":19},"end":{"line":145,"column":1}},"line":27},"1":{"name":"(anonymous_1)","decl":{"start":{"line":40,"column":12},"end":{"line":40,"column":13}},"loc":{"start":{"line":40,"column":18},"end":{"line":42,"column":3}},"line":40},"2":{"name":"(anonymous_2)","decl":{"start":{"line":44,"column":20},"end":{"line":44,"column":21}},"loc":{"start":{"line":44,"column":47},"end":{"line":63,"column":3}},"line":44},"3":{"name":"(anonymous_3)","decl":{"start":{"line":65,"column":23},"end":{"line":65,"column":24}},"loc":{"start":{"line":65,"column":42},"end":{"line":76,"column":3}},"line":65},"4":{"name":"(anonymous_4)","decl":{"start":{"line":68,"column":57},"end":{"line":68,"column":58}},"loc":{"start":{"line":68,"column":66},"end":{"line":73,"column":5}},"line":68},"5":{"name":"(anonymous_5)","decl":{"start":{"line":97,"column":20},"end":{"line":97,"column":21}},"loc":{"start":{"line":97,"column":27},"end":{"line":99,"column":11}},"line":97},"6":{"name":"(anonymous_6)","decl":{"start":{"line":106,"column":19},"end":{"line":106,"column":20}},"loc":{"start":{"line":106,"column":25},"end":{"line":111,"column":11}},"line":106},"7":{"name":"(anonymous_7)","decl":{"start":{"line":108,"column":14},"end":{"line":108,"column":15}},"loc":{"start":{"line":108,"column":23},"end":{"line":108,"column":48}},"line":108},"8":{"name":"(anonymous_8)","decl":{"start":{"line":126,"column":32},"end":{"line":126,"column":33}},"loc":{"start":{"line":126,"column":42},"end":{"line":141,"column":9}},"line":126}},"branchMap":{"0":{"loc":{"start":{"line":53,"column":8},"end":{"line":54,"column":29}},"type":"binary-expr","locations":[{"start":{"line":53,"column":8},"end":{"line":54,"column":23}},{"start":{"line":54,"column":27},"end":{"line":54,"column":29}}],"line":53},"1":{"loc":{"start":{"line":56,"column":6},"end":{"line":59,"column":7}},"type":"if","locations":[{"start":{"line":56,"column":6},"end":{"line":59,"column":7}},{"start":{},"end":{}}],"line":56},"2":{"loc":{"start":{"line":80,"column":2},"end":{"line":82,"column":3}},"type":"if","locations":[{"start":{"line":80,"column":2},"end":{"line":82,"column":3}},{"start":{},"end":{}}],"line":80},"3":{"loc":{"start":{"line":86,"column":9},"end":{"line":144,"column":3}},"type":"cond-expr","locations":[{"start":{"line":87,"column":4},"end":{"line":87,"column":15}},{"start":{"line":89,"column":4},"end":{"line":143,"column":10}}],"line":86},"4":{"loc":{"start":{"line":129,"column":15},"end":{"line":133,"column":15}},"type":"cond-expr","locations":[{"start":{"line":130,"column":16},"end":{"line":130,"column":42}},{"start":{"line":132,"column":16},"end":{"line":132,"column":42}}],"line":129}},"s":{"0":1,"1":8,"2":8,"3":8,"4":8,"5":8,"6":3,"7":8,"8":3,"9":3,"10":3,"11":3,"12":3,"13":3,"14":3,"15":0,"16":8,"17":1,"18":1,"19":20,"20":1,"21":8,"22":8,"23":0,"24":8,"25":1,"26":1,"27":20,"28":1,"29":76},"f":{"0":8,"1":3,"2":3,"3":1,"4":20,"5":1,"6":1,"7":20,"8":76},"b":{"0":[3,0],"1":[3,0],"2":[0,8],"3":[3,5],"4":[76,0]},"_coverageSchema":"1a1c01bbd47fc00a2c39e90264f33305004495a9","hash":"2a6943e71fbf8cf2df9a67938ec96ed51304afdb"}
,"C:\\Users\\dell\\Desktop\\gulab jaamun food ordering app\\src\\components\\Cart.tsx": {"path":"C:\\Users\\dell\\Desktop\\gulab jaamun food ordering app\\src\\components\\Cart.tsx","statementMap":{"0":{"start":{"line":5,"column":13},"end":{"line":29,"column":1}},"1":{"start":{"line":6,"column":20},"end":{"line":6,"column":65}},"2":{"start":{"line":6,"column":48},"end":{"line":6,"column":64}},"3":{"start":{"line":7,"column":19},"end":{"line":7,"column":32}},"4":{"start":{"line":8,"column":26},"end":{"line":10,"column":3}},"5":{"start":{"line":9,"column":4},"end":{"line":9,"column":26}},"6":{"start":{"line":12,"column":2},"end":{"line":28,"column":4}},"7":{"start":{"line":18,"column":25},"end":{"line":18,"column":42}}},"fnMap":{"0":{"name":"(anonymous_0)","decl":{"start":{"line":5,"column":13},"end":{"line":5,"column":14}},"loc":{"start":{"line":5,"column":19},"end":{"line":29,"column":1}},"line":5},"1":{"name":"(anonymous_1)","decl":{"start":{"line":6,"column":32},"end":{"line":6,"column":33}},"loc":{"start":{"line":6,"column":48},"end":{"line":6,"column":64}},"line":6},"2":{"name":"(anonymous_2)","decl":{"start":{"line":8,"column":26},"end":{"line":8,"column":27}},"loc":{"start":{"line":8,"column":32},"end":{"line":10,"column":3}},"line":8},"3":{"name":"(anonymous_3)","decl":{"start":{"line":18,"column":19},"end":{"line":18,"column":20}},"loc":{"start":{"line":18,"column":25},"end":{"line":18,"column":42}},"line":18}},"branchMap":{"0":{"loc":{"start":{"line":22,"column":9},"end":{"line":22,"column":112}},"type":"binary-expr","locations":[{"start":{"line":22,"column":9},"end":{"line":22,"column":31}},{"start":{"line":22,"column":35},"end":{"line":22,"column":112}}],"line":22}},"s":{"0":1,"1":1,"2":2,"3":1,"4":1,"5":0,"6":1,"7":0},"f":{"0":1,"1":2,"2":0,"3":0},"b":{"0":[1,1]},"_coverageSchema":"1a1c01bbd47fc00a2c39e90264f33305004495a9","hash":"9e06f39979d665e09369fddb1550a2ee1a641b1e"}
,"C:\\Users\\dell\\Desktop\\gulab jaamun food ordering app\\src\\components\\Contact.tsx": {"path":"C:\\Users\\dell\\Desktop\\gulab jaamun food ordering app\\src\\components\\Contact.tsx","statementMap":{"0":{"start":{"line":1,"column":16},"end":{"line":24,"column":1}},"1":{"start":{"line":2,"column":2},"end":{"line":23,"column":4}}},"fnMap":{"0":{"name":"(anonymous_0)","decl":{"start":{"line":1,"column":16},"end":{"line":1,"column":17}},"loc":{"start":{"line":1,"column":22},"end":{"line":24,"column":1}},"line":1}},"branchMap":{},"s":{"0":1,"1":5},"f":{"0":5},"b":{},"_coverageSchema":"1a1c01bbd47fc00a2c39e90264f33305004495a9","hash":"902c9e7283a600d3a8d0fb911f52eb40bdbc545a"}
,"C:\\Users\\dell\\Desktop\\gulab jaamun food ordering app\\src\\components\\Header.tsx": {"path":"C:\\Users\\dell\\Desktop\\gulab jaamun food ordering app\\src\\components\\Header.tsx","statementMap":{"0":{"start":{"line":10,"column":15},"end":{"line":95,"column":1}},"1":{"start":{"line":11,"column":32},"end":{"line":11,"column":49}},"2":{"start":{"line":12,"column":32},"end":{"line":12,"column":49}},"3":{"start":{"line":14,"column":27},"end":{"line":14,"column":50}},"4":{"start":{"line":17,"column":20},"end":{"line":17,"column":65}},"5":{"start":{"line":17,"column":48},"end":{"line":17,"column":64}},"6":{"start":{"line":19,"column":2},"end":{"line":94,"column":4}},"7":{"start":{"line":36,"column":16},"end":{"line":36,"column":73}},"8":{"start":{"line":46,"column":16},"end":{"line":46,"column":73}},"9":{"start":{"line":56,"column":16},"end":{"line":56,"column":73}},"10":{"start":{"line":69,"column":16},"end":{"line":69,"column":73}},"11":{"start":{"line":81,"column":14},"end":{"line":81,"column":79}}},"fnMap":{"0":{"name":"(anonymous_0)","decl":{"start":{"line":10,"column":15},"end":{"line":10,"column":16}},"loc":{"start":{"line":10,"column":21},"end":{"line":95,"column":1}},"line":10},"1":{"name":"(anonymous_1)","decl":{"start":{"line":17,"column":32},"end":{"line":17,"column":33}},"loc":{"start":{"line":17,"column":48},"end":{"line":17,"column":64}},"line":17},"2":{"name":"(anonymous_2)","decl":{"start":{"line":35,"column":25},"end":{"line":35,"column":26}},"loc":{"start":{"line":36,"column":16},"end":{"line":36,"column":73}},"line":36},"3":{"name":"(anonymous_3)","decl":{"start":{"line":45,"column":25},"end":{"line":45,"column":26}},"loc":{"start":{"line":46,"column":16},"end":{"line":46,"column":73}},"line":46},"4":{"name":"(anonymous_4)","decl":{"start":{"line":55,"column":25},"end":{"line":55,"column":26}},"loc":{"start":{"line":56,"column":16},"end":{"line":56,"column":73}},"line":56},"5":{"name":"(anonymous_5)","decl":{"start":{"line":68,"column":25},"end":{"line":68,"column":26}},"loc":{"start":{"line":69,"column":16},"end":{"line":69,"column":73}},"line":69},"6":{"name":"(anonymous_6)","decl":{"start":{"line":80,"column":21},"end":{"line":80,"column":22}},"loc":{"start":{"line":80,"column":27},"end":{"line":82,"column":13}},"line":80}},"branchMap":{"0":{"loc":{"start":{"line":30,"column":20},"end":{"line":30,"column":46}},"type":"cond-expr","locations":[{"start":{"line":30,"column":35},"end":{"line":30,"column":39}},{"start":{"line":30,"column":42},"end":{"line":30,"column":46}}],"line":30},"1":{"loc":{"start":{"line":36,"column":16},"end":{"line":36,"column":73}},"type":"cond-expr","locations":[{"start":{"line":36,"column":27},"end":{"line":36,"column":55}},{"start":{"line":36,"column":58},"end":{"line":36,"column":73}}],"line":36},"2":{"loc":{"start":{"line":46,"column":16},"end":{"line":46,"column":73}},"type":"cond-expr","locations":[{"start":{"line":46,"column":27},"end":{"line":46,"column":55}},{"start":{"line":46,"column":58},"end":{"line":46,"column":73}}],"line":46},"3":{"loc":{"start":{"line":56,"column":16},"end":{"line":56,"column":73}},"type":"cond-expr","locations":[{"start":{"line":56,"column":27},"end":{"line":56,"column":55}},{"start":{"line":56,"column":58},"end":{"line":56,"column":73}}],"line":56},"4":{"loc":{"start":{"line":69,"column":16},"end":{"line":69,"column":73}},"type":"cond-expr","locations":[{"start":{"line":69,"column":27},"end":{"line":69,"column":55}},{"start":{"line":69,"column":58},"end":{"line":69,"column":73}}],"line":69},"5":{"loc":{"start":{"line":81,"column":14},"end":{"line":81,"column":78}},"type":"cond-expr","locations":[{"start":{"line":81,"column":36},"end":{"line":81,"column":56}},{"start":{"line":81,"column":59},"end":{"line":81,"column":78}}],"line":81}},"s":{"0":2,"1":5,"2":5,"3":5,"4":5,"5":9,"6":5,"7":5,"8":5,"9":5,"10":5,"11":1},"f":{"0":5,"1":9,"2":5,"3":5,"4":5,"5":5,"6":1},"b":{"0":[5,0],"1":[5,0],"2":[0,5],"3":[0,5],"4":[0,5],"5":[1,0]},"_coverageSchema":"1a1c01bbd47fc00a2c39e90264f33305004495a9","hash":"b2cf9ed66ff713950ef13e21ebfbf2c76e9ae5de"}
,"C:\\Users\\dell\\Desktop\\gulab jaamun food ordering app\\src\\components\\ItemList.tsx": {"path":"C:\\Users\\dell\\Desktop\\gulab jaamun food ordering app\\src\\components\\ItemList.tsx","statementMap":{"0":{"start":{"line":10,"column":17},"end":{"line":66,"column":1}},"1":{"start":{"line":12,"column":23},"end":{"line":12,"column":36}},"2":{"start":{"line":13,"column":20},"end":{"line":16,"column":3}},"3":{"start":{"line":14,"column":4},"end":{"line":14,"column":27}},"4":{"start":{"line":18,"column":23},"end":{"line":20,"column":3}},"5":{"start":{"line":19,"column":4},"end":{"line":19,"column":30}},"6":{"start":{"line":23,"column":2},"end":{"line":65,"column":4}},"7":{"start":{"line":26,"column":8},"end":{"line":62,"column":10}},"8":{"start":{"line":38,"column":153},"end":{"line":38,"column":165}},"9":{"start":{"line":41,"column":154},"end":{"line":41,"column":169}}},"fnMap":{"0":{"name":"(anonymous_0)","decl":{"start":{"line":10,"column":17},"end":{"line":10,"column":18}},"loc":{"start":{"line":10,"column":46},"end":{"line":66,"column":1}},"line":10},"1":{"name":"(anonymous_1)","decl":{"start":{"line":13,"column":20},"end":{"line":13,"column":21}},"loc":{"start":{"line":13,"column":33},"end":{"line":16,"column":3}},"line":13},"2":{"name":"(anonymous_2)","decl":{"start":{"line":18,"column":23},"end":{"line":18,"column":24}},"loc":{"start":{"line":18,"column":36},"end":{"line":20,"column":3}},"line":18},"3":{"name":"(anonymous_3)","decl":{"start":{"line":25,"column":16},"end":{"line":25,"column":17}},"loc":{"start":{"line":25,"column":28},"end":{"line":63,"column":7}},"line":25},"4":{"name":"(anonymous_4)","decl":{"start":{"line":38,"column":147},"end":{"line":38,"column":148}},"loc":{"start":{"line":38,"column":153},"end":{"line":38,"column":165}},"line":38},"5":{"name":"(anonymous_5)","decl":{"start":{"line":41,"column":148},"end":{"line":41,"column":149}},"loc":{"start":{"line":41,"column":154},"end":{"line":41,"column":169}},"line":41}},"branchMap":{"0":{"loc":{"start":{"line":45,"column":17},"end":{"line":47,"column":24}},"type":"cond-expr","locations":[{"start":{"line":46,"column":20},"end":{"line":46,"column":24}},{"start":{"line":47,"column":20},"end":{"line":47,"column":24}}],"line":45},"1":{"loc":{"start":{"line":54,"column":17},"end":{"line":54,"column":78}},"type":"binary-expr","locations":[{"start":{"line":54,"column":17},"end":{"line":54,"column":42}},{"start":{"line":54,"column":46},"end":{"line":54,"column":78}}],"line":54}},"s":{"0":1,"1":1,"2":1,"3":0,"4":1,"5":0,"6":1,"7":0,"8":0,"9":0},"f":{"0":1,"1":0,"2":0,"3":0,"4":0,"5":0},"b":{"0":[0,0],"1":[0,0]},"_coverageSchema":"1a1c01bbd47fc00a2c39e90264f33305004495a9","hash":"086679ad63ce7d572b4bf118dbfe6adc493b2d78"}
,"C:\\Users\\dell\\Desktop\\gulab jaamun food ordering app\\src\\components\\OfflinePage.tsx": {"path":"C:\\Users\\dell\\Desktop\\gulab jaamun food ordering app\\src\\components\\OfflinePage.tsx","statementMap":{"0":{"start":{"line":1,"column":20},"end":{"line":8,"column":1}},"1":{"start":{"line":2,"column":2},"end":{"line":7,"column":4}}},"fnMap":{"0":{"name":"(anonymous_0)","decl":{"start":{"line":1,"column":20},"end":{"line":1,"column":21}},"loc":{"start":{"line":1,"column":26},"end":{"line":8,"column":1}},"line":1}},"branchMap":{},"s":{"0":1,"1":0},"f":{"0":0},"b":{},"_coverageSchema":"1a1c01bbd47fc00a2c39e90264f33305004495a9","hash":"24b48e7b5e4dc52bf38de6812a3a25f270033559"}
,"C:\\Users\\dell\\Desktop\\gulab jaamun food ordering app\\src\\components\\RestaurantCard.tsx": {"path":"C:\\Users\\dell\\Desktop\\gulab jaamun food ordering app\\src\\components\\RestaurantCard.tsx","statementMap":{"0":{"start":{"line":20,"column":16},"end":{"line":52,"column":1}},"1":{"start":{"line":21,"column":22},"end":{"line":21,"column":27}},"2":{"start":{"line":26,"column":4},"end":{"line":26,"column":17}},"3":{"start":{"line":28,"column":2},"end":{"line":51,"column":4}},"4":{"start":{"line":57,"column":25},"end":{"line":68,"column":1}},"5":{"start":{"line":58,"column":2},"end":{"line":67,"column":4}},"6":{"start":{"line":59,"column":4},"end":{"line":66,"column":6}}},"fnMap":{"0":{"name":"(anonymous_0)","decl":{"start":{"line":20,"column":16},"end":{"line":20,"column":17}},"loc":{"start":{"line":20,"column":41},"end":{"line":52,"column":1}},"line":20},"1":{"name":"(anonymous_1)","decl":{"start":{"line":57,"column":25},"end":{"line":57,"column":26}},"loc":{"start":{"line":57,"column":43},"end":{"line":68,"column":1}},"line":57},"2":{"name":"(anonymous_2)","decl":{"start":{"line":58,"column":9},"end":{"line":58,"column":10}},"loc":{"start":{"line":58,"column":34},"end":{"line":67,"column":3}},"line":58}},"branchMap":{},"s":{"0":2,"1":77,"2":77,"3":77,"4":2,"5":8,"6":76},"f":{"0":77,"1":8,"2":76},"b":{},"_coverageSchema":"1a1c01bbd47fc00a2c39e90264f33305004495a9","hash":"7000f2bc0559483fd1156a88d376a023f9bf9a25"}
,"C:\\Users\\dell\\Desktop\\gulab jaamun food ordering app\\src\\components\\RestaurantCategory.tsx": {"path":"C:\\Users\\dell\\Desktop\\gulab jaamun food ordering app\\src\\components\\RestaurantCategory.tsx","statementMap":{"0":{"start":{"line":11,"column":27},"end":{"line":31,"column":1}},"1":{"start":{"line":13,"column":22},"end":{"line":15,"column":3}},"2":{"start":{"line":14,"column":4},"end":{"line":14,"column":19}},"3":{"start":{"line":17,"column":2},"end":{"line":30,"column":4}}},"fnMap":{"0":{"name":"(anonymous_0)","decl":{"start":{"line":11,"column":27},"end":{"line":11,"column":28}},"loc":{"start":{"line":11,"column":89},"end":{"line":31,"column":1}},"line":11},"1":{"name":"(anonymous_1)","decl":{"start":{"line":13,"column":22},"end":{"line":13,"column":23}},"loc":{"start":{"line":13,"column":31},"end":{"line":15,"column":3}},"line":13}},"branchMap":{"0":{"loc":{"start":{"line":27,"column":8},"end":{"line":27,"column":55}},"type":"binary-expr","locations":[{"start":{"line":27,"column":8},"end":{"line":27,"column":16}},{"start":{"line":27,"column":20},"end":{"line":27,"column":55}}],"line":27}},"s":{"0":1,"1":0,"2":0,"3":0},"f":{"0":0,"1":0},"b":{"0":[0,0]},"_coverageSchema":"1a1c01bbd47fc00a2c39e90264f33305004495a9","hash":"49405dd7a67c5d1e1e922f0bb9668670ef7a6c28"}
,"C:\\Users\\dell\\Desktop\\gulab jaamun food ordering app\\src\\components\\RestaurantMenu.tsx": {"path":"C:\\Users\\dell\\Desktop\\gulab jaamun food ordering app\\src\\components\\RestaurantMenu.tsx","statementMap":{"0":{"start":{"line":8,"column":23},"end":{"line":65,"column":1}},"1":{"start":{"line":9,"column":20},"end":{"line":9,"column":50}},"2":{"start":{"line":11,"column":34},"end":{"line":11,"column":63}},"3":{"start":{"line":13,"column":2},"end":{"line":15,"column":3}},"4":{"start":{"line":14,"column":4},"end":{"line":14,"column":45}},"5":{"start":{"line":17,"column":18},"end":{"line":17,"column":42}},"6":{"start":{"line":19,"column":2},"end":{"line":19,"column":48}},"7":{"start":{"line":19,"column":24},"end":{"line":19,"column":48}},"8":{"start":{"line":21,"column":25},"end":{"line":23,"column":37}},"9":{"start":{"line":22,"column":22},"end":{"line":22,"column":41}},"10":{"start":{"line":23,"column":26},"end":{"line":23,"column":36}},"11":{"start":{"line":25,"column":23},"end":{"line":26,"column":47}},"12":{"start":{"line":25,"column":56},"end":{"line":25,"column":70}},"13":{"start":{"line":28,"column":20},"end":{"line":30,"column":48}},"14":{"start":{"line":29,"column":25},"end":{"line":29,"column":49}},"15":{"start":{"line":30,"column":26},"end":{"line":30,"column":47}},"16":{"start":{"line":32,"column":48},"end":{"line":32,"column":68}},"17":{"start":{"line":36,"column":25},"end":{"line":40,"column":3}},"18":{"start":{"line":38,"column":6},"end":{"line":39,"column":68}},"19":{"start":{"line":44,"column":2},"end":{"line":64,"column":4}},"20":{"start":{"line":54,"column":8},"end":{"line":61,"column":10}},"21":{"start":{"line":59,"column":12},"end":{"line":59,"column":66}},"22":{"start":{"line":59,"column":35},"end":{"line":59,"column":64}}},"fnMap":{"0":{"name":"(anonymous_0)","decl":{"start":{"line":8,"column":23},"end":{"line":8,"column":24}},"loc":{"start":{"line":8,"column":29},"end":{"line":65,"column":1}},"line":8},"1":{"name":"(anonymous_1)","decl":{"start":{"line":22,"column":10},"end":{"line":22,"column":11}},"loc":{"start":{"line":22,"column":22},"end":{"line":22,"column":41}},"line":22},"2":{"name":"(anonymous_2)","decl":{"start":{"line":23,"column":11},"end":{"line":23,"column":12}},"loc":{"start":{"line":23,"column":26},"end":{"line":23,"column":36}},"line":23},"3":{"name":"(anonymous_3)","decl":{"start":{"line":25,"column":44},"end":{"line":25,"column":45}},"loc":{"start":{"line":25,"column":56},"end":{"line":25,"column":70}},"line":25},"4":{"name":"(anonymous_4)","decl":{"start":{"line":29,"column":13},"end":{"line":29,"column":14}},"loc":{"start":{"line":29,"column":25},"end":{"line":29,"column":49}},"line":29},"5":{"name":"(anonymous_5)","decl":{"start":{"line":30,"column":14},"end":{"line":30,"column":15}},"loc":{"start":{"line":30,"column":26},"end":{"line":30,"column":47}},"line":30},"6":{"name":"(anonymous_6)","decl":{"start":{"line":37,"column":4},"end":{"line":37,"column":5}},"loc":{"start":{"line":38,"column":6},"end":{"line":39,"column":68}},"line":38},"7":{"name":"(anonymous_7)","decl":{"start":{"line":53,"column":22},"end":{"line":53,"column":23}},"loc":{"start":{"line":54,"column":8},"end":{"line":61,"column":10}},"line":54},"8":{"name":"(anonymous_8)","decl":{"start":{"line":58,"column":23},"end":{"line":58,"column":24}},"loc":{"start":{"line":59,"column":12},"end":{"line":59,"column":66}},"line":59},"9":{"name":"(anonymous_9)","decl":{"start":{"line":59,"column":24},"end":{"line":59,"column":25}},"loc":{"start":{"line":59,"column":35},"end":{"line":59,"column":64}},"line":59}},"branchMap":{"0":{"loc":{"start":{"line":13,"column":2},"end":{"line":15,"column":3}},"type":"if","locations":[{"start":{"line":13,"column":2},"end":{"line":15,"column":3}},{"start":{},"end":{}}],"line":13},"1":{"loc":{"start":{"line":19,"column":2},"end":{"line":19,"column":48}},"type":"if","locations":[{"start":{"line":19,"column":2},"end":{"line":19,"column":48}},{"start":{},"end":{}}],"line":19},"2":{"loc":{"start":{"line":32,"column":48},"end":{"line":32,"column":68}},"type":"binary-expr","locations":[{"start":{"line":32,"column":48},"end":{"line":32,"column":62}},{"start":{"line":32,"column":66},"end":{"line":32,"column":68}}],"line":32},"3":{"loc":{"start":{"line":57,"column":20},"end":{"line":57,"column":53}},"type":"cond-expr","locations":[{"start":{"line":57,"column":41},"end":{"line":57,"column":45}},{"start":{"line":57,"column":48},"end":{"line":57,"column":53}}],"line":57},"4":{"loc":{"start":{"line":59,"column":35},"end":{"line":59,"column":64}},"type":"cond-expr","locations":[{"start":{"line":59,"column":52},"end":{"line":59,"column":56}},{"start":{"line":59,"column":59},"end":{"line":59,"column":64}}],"line":59}},"s":{"0":1,"1":1,"2":1,"3":1,"4":1,"5":0,"6":0,"7":0,"8":0,"9":0,"10":0,"11":0,"12":0,"13":0,"14":0,"15":0,"16":0,"17":0,"18":0,"19":0,"20":0,"21":0,"22":0},"f":{"0":1,"1":0,"2":0,"3":0,"4":0,"5":0,"6":0,"7":0,"8":0,"9":0},"b":{"0":[1,0],"1":[0,0],"2":[0,0],"3":[0,0],"4":[0,0]},"_coverageSchema":"1a1c01bbd47fc00a2c39e90264f33305004495a9","hash":"5e5e6ac576e88750e61e6f766458d5544cf63e8c"}
,"C:\\Users\\dell\\Desktop\\gulab jaamun food ordering app\\src\\components\\Shimmer.tsx": {"path":"C:\\Users\\dell\\Desktop\\gulab jaamun food ordering app\\src\\components\\Shimmer.tsx","statementMap":{"0":{"start":{"line":1,"column":16},"end":{"line":43,"column":1}},"1":{"start":{"line":2,"column":2},"end":{"line":42,"column":4}},"2":{"start":{"line":45,"column":27},"end":{"line":74,"column":1}},"3":{"start":{"line":46,"column":2},"end":{"line":73,"column":4}}},"fnMap":{"0":{"name":"(anonymous_0)","decl":{"start":{"line":1,"column":16},"end":{"line":1,"column":17}},"loc":{"start":{"line":1,"column":22},"end":{"line":43,"column":1}},"line":1},"1":{"name":"(anonymous_1)","decl":{"start":{"line":45,"column":27},"end":{"line":45,"column":28}},"loc":{"start":{"line":45,"column":33},"end":{"line":74,"column":1}},"line":45}},"branchMap":{},"s":{"0":2,"1":3,"2":2,"3":0},"f":{"0":3,"1":0},"b":{},"_coverageSchema":"1a1c01bbd47fc00a2c39e90264f33305004495a9","hash":"929dd3f2dabcdd6712ad4709e2396cf017e8c637"}
,"C:\\Users\\dell\\Desktop\\gulab jaamun food ordering app\\src\\components\\sum.tsx": {"path":"C:\\Users\\dell\\Desktop\\gulab jaamun food ordering app\\src\\components\\sum.tsx","statementMap":{"0":{"start":{"line":1,"column":12},"end":{"line":3,"column":1}},"1":{"start":{"line":2,"column":4},"end":{"line":2,"column":16}}},"fnMap":{"0":{"name":"(anonymous_0)","decl":{"start":{"line":1,"column":12},"end":{"line":1,"column":13}},"loc":{"start":{"line":1,"column":41},"end":{"line":3,"column":1}},"line":1}},"branchMap":{},"s":{"0":1,"1":1},"f":{"0":1},"b":{},"_coverageSchema":"1a1c01bbd47fc00a2c39e90264f33305004495a9","hash":"183fc8c80161123c6f1ce63b6e0673ac83b8a809"}
,"C:\\Users\\dell\\Desktop\\gulab jaamun food ordering app\\src\\utils\\UserContext.tsx": {"path":"C:\\Users\\dell\\Desktop\\gulab jaamun food ordering app\\src\\utils\\UserContext.tsx","statementMap":{"0":{"start":{"line":3,"column":20},"end":{"line":5,"column":2}}},"fnMap":{},"branchMap":{},"s":{"0":2},"f":{},"b":{},"_coverageSchema":"1a1c01bbd47fc00a2c39e90264f33305004495a9","hash":"9bcc9a7cf17c65e4137f2900d4b79c3374223253"}
,"C:\\Users\\dell\\Desktop\\gulab jaamun food ordering app\\src\\utils\\appStore.tsx": {"path":"C:\\Users\\dell\\Desktop\\gulab jaamun food ordering app\\src\\utils\\appStore.tsx","statementMap":{"0":{"start":{"line":4,"column":17},"end":{"line":9,"column":2}}},"fnMap":{},"branchMap":{},"s":{"0":2},"f":{},"b":{},"_coverageSchema":"1a1c01bbd47fc00a2c39e90264f33305004495a9","hash":"c434301cd188818b030b6a80cceaed7a2e5f3575"}
,"C:\\Users\\dell\\Desktop\\gulab jaamun food ordering app\\src\\utils\\cartSlice.tsx": {"path":"C:\\Users\\dell\\Desktop\\gulab jaamun food ordering app\\src\\utils\\cartSlice.tsx","statementMap":{"0":{"start":{"line":10,"column":18},"end":{"line":28,"column":2}},"1":{"start":{"line":18,"column":12},"end":{"line":18,"column":46}},"2":{"start":{"line":21,"column":12},"end":{"line":21,"column":31}},"3":{"start":{"line":25,"column":12},"end":{"line":25,"column":36}},"4":{"start":{"line":30,"column":51},"end":{"line":30,"column":68}}},"fnMap":{"0":{"name":"(anonymous_0)","decl":{"start":{"line":17,"column":16},"end":{"line":17,"column":17}},"loc":{"start":{"line":17,"column":56},"end":{"line":19,"column":9}},"line":17},"1":{"name":"(anonymous_1)","decl":{"start":{"line":20,"column":19},"end":{"line":20,"column":20}},"loc":{"start":{"line":20,"column":59},"end":{"line":23,"column":9}},"line":20},"2":{"name":"(anonymous_2)","decl":{"start":{"line":24,"column":18},"end":{"line":24,"column":19}},"loc":{"start":{"line":24,"column":31},"end":{"line":26,"column":9}},"line":24}},"branchMap":{},"s":{"0":2,"1":0,"2":0,"3":0,"4":2},"f":{"0":0,"1":0,"2":0},"b":{},"_coverageSchema":"1a1c01bbd47fc00a2c39e90264f33305004495a9","hash":"77a8b3da93319768939543fc4ccd3e32fb41ec9e"}
,"C:\\Users\\dell\\Desktop\\gulab jaamun food ordering app\\src\\utils\\constants.ts": {"path":"C:\\Users\\dell\\Desktop\\gulab jaamun food ordering app\\src\\utils\\constants.ts","statementMap":{"0":{"start":{"line":5,"column":31},"end":{"line":5,"column":114}},"1":{"start":{"line":7,"column":40},"end":{"line":7,"column":193}},"2":{"start":{"line":9,"column":33},"end":{"line":9,"column":171}},"3":{"start":{"line":11,"column":36},"end":{"line":11,"column":137}},"4":{"start":{"line":13,"column":38},"end":{"line":13,"column":208}}},"fnMap":{},"branchMap":{},"s":{"0":3,"1":3,"2":3,"3":3,"4":3},"f":{},"b":{},"_coverageSchema":"1a1c01bbd47fc00a2c39e90264f33305004495a9","hash":"c5971aec2c45776d9c3420eff6f60b0be841a8c7"}
,"C:\\Users\\dell\\Desktop\\gulab jaamun food ordering app\\src\\utils\\useOnlineStatus.tsx": {"path":"C:\\Users\\dell\\Desktop\\gulab jaamun food ordering app\\src\\utils\\useOnlineStatus.tsx","statementMap":{"0":{"start":{"line":3,"column":24},"end":{"line":16,"column":1}},"1":{"start":{"line":4,"column":33},"end":{"line":4,"column":56}},"2":{"start":{"line":6,"column":4},"end":{"line":13,"column":10}},"3":{"start":{"line":7,"column":8},"end":{"line":9,"column":10}},"4":{"start":{"line":8,"column":12},"end":{"line":8,"column":29}},"5":{"start":{"line":10,"column":8},"end":{"line":12,"column":10}},"6":{"start":{"line":11,"column":12},"end":{"line":11,"column":30}},"7":{"start":{"line":15,"column":4},"end":{"line":15,"column":19}}},"fnMap":{"0":{"name":"(anonymous_0)","decl":{"start":{"line":3,"column":24},"end":{"line":3,"column":25}},"loc":{"start":{"line":3,"column":29},"end":{"line":16,"column":1}},"line":3},"1":{"name":"(anonymous_1)","decl":{"start":{"line":6,"column":14},"end":{"line":6,"column":15}},"loc":{"start":{"line":6,"column":18},"end":{"line":13,"column":5}},"line":6},"2":{"name":"(anonymous_2)","decl":{"start":{"line":7,"column":41},"end":{"line":7,"column":42}},"loc":{"start":{"line":7,"column":45},"end":{"line":9,"column":9}},"line":7},"3":{"name":"(anonymous_3)","decl":{"start":{"line":10,"column":42},"end":{"line":10,"column":43}},"loc":{"start":{"line":10,"column":46},"end":{"line":12,"column":9}},"line":10}},"branchMap":{},"s":{"0":3,"1":13,"2":13,"3":7,"4":0,"5":7,"6":0,"7":13},"f":{"0":13,"1":7,"2":0,"3":0},"b":{},"_coverageSchema":"1a1c01bbd47fc00a2c39e90264f33305004495a9","hash":"055b84d0e8f73d7b23212229c915c469cc59d2aa"}
,"C:\\Users\\dell\\Desktop\\gulab jaamun food ordering app\\src\\utils\\useRestauranMenu.tsx": {"path":"C:\\Users\\dell\\Desktop\\gulab jaamun food ordering app\\src\\utils\\useRestauranMenu.tsx","statementMap":{"0":{"start":{"line":5,"column":26},"end":{"line":20,"column":1}},"1":{"start":{"line":7,"column":34},"end":{"line":7,"column":53}},"2":{"start":{"line":9,"column":4},"end":{"line":11,"column":15}},"3":{"start":{"line":10,"column":8},"end":{"line":10,"column":21}},"4":{"start":{"line":13,"column":22},"end":{"line":17,"column":5}},"5":{"start":{"line":14,"column":21},"end":{"line":14,"column":59}},"6":{"start":{"line":15,"column":21},"end":{"line":15,"column":38}},"7":{"start":{"line":16,"column":8},"end":{"line":16,"column":32}},"8":{"start":{"line":19,"column":4},"end":{"line":19,"column":20}}},"fnMap":{"0":{"name":"(anonymous_0)","decl":{"start":{"line":5,"column":26},"end":{"line":5,"column":27}},"loc":{"start":{"line":5,"column":47},"end":{"line":20,"column":1}},"line":5},"1":{"name":"(anonymous_1)","decl":{"start":{"line":9,"column":15},"end":{"line":9,"column":16}},"loc":{"start":{"line":9,"column":19},"end":{"line":11,"column":5}},"line":9},"2":{"name":"(anonymous_2)","decl":{"start":{"line":13,"column":22},"end":{"line":13,"column":23}},"loc":{"start":{"line":13,"column":33},"end":{"line":17,"column":5}},"line":13}},"branchMap":{},"s":{"0":1,"1":0,"2":0,"3":0,"4":0,"5":0,"6":0,"7":0,"8":0},"f":{"0":0,"1":0,"2":0},"b":{},"_coverageSchema":"1a1c01bbd47fc00a2c39e90264f33305004495a9","hash":"f23a20e116f6c06e8c0e9e873e5dd7a888f6f7f2"}
}
