{"C:\\Users\\dell\\Desktop\\gulab jaamun food ordering app\\src\\components\\Contact.tsx": {"path":"C:\\Users\\dell\\Desktop\\gulab jaamun food ordering app\\src\\components\\Contact.tsx","statementMap":{"0":{"start":{"line":1,"column":16},"end":{"line":24,"column":1}},"1":{"start":{"line":2,"column":2},"end":{"line":23,"column":4}}},"fnMap":{"0":{"name":"(anonymous_0)","decl":{"start":{"line":1,"column":16},"end":{"line":1,"column":17}},"loc":{"start":{"line":1,"column":22},"end":{"line":24,"column":1}},"line":1}},"branchMap":{},"s":{"0":1,"1":5},"f":{"0":5},"b":{},"_coverageSchema":"1a1c01bbd47fc00a2c39e90264f33305004495a9","hash":"902c9e7283a600d3a8d0fb911f52eb40bdbc545a"}
,"C:\\Users\\dell\\Desktop\\gulab jaamun food ordering app\\src\\components\\Header.tsx": {"path":"C:\\Users\\dell\\Desktop\\gulab jaamun food ordering app\\src\\components\\Header.tsx","statementMap":{"0":{"start":{"line":10,"column":15},"end":{"line":95,"column":1}},"1":{"start":{"line":11,"column":32},"end":{"line":11,"column":49}},"2":{"start":{"line":12,"column":32},"end":{"line":12,"column":49}},"3":{"start":{"line":14,"column":27},"end":{"line":14,"column":50}},"4":{"start":{"line":17,"column":20},"end":{"line":17,"column":65}},"5":{"start":{"line":17,"column":48},"end":{"line":17,"column":64}},"6":{"start":{"line":19,"column":2},"end":{"line":94,"column":4}},"7":{"start":{"line":36,"column":16},"end":{"line":36,"column":73}},"8":{"start":{"line":46,"column":16},"end":{"line":46,"column":73}},"9":{"start":{"line":56,"column":16},"end":{"line":56,"column":73}},"10":{"start":{"line":69,"column":16},"end":{"line":69,"column":73}},"11":{"start":{"line":81,"column":14},"end":{"line":81,"column":79}}},"fnMap":{"0":{"name":"(anonymous_0)","decl":{"start":{"line":10,"column":15},"end":{"line":10,"column":16}},"loc":{"start":{"line":10,"column":21},"end":{"line":95,"column":1}},"line":10},"1":{"name":"(anonymous_1)","decl":{"start":{"line":17,"column":32},"end":{"line":17,"column":33}},"loc":{"start":{"line":17,"column":48},"end":{"line":17,"column":64}},"line":17},"2":{"name":"(anonymous_2)","decl":{"start":{"line":35,"column":25},"end":{"line":35,"column":26}},"loc":{"start":{"line":36,"column":16},"end":{"line":36,"column":73}},"line":36},"3":{"name":"(anonymous_3)","decl":{"start":{"line":45,"column":25},"end":{"line":45,"column":26}},"loc":{"start":{"line":46,"column":16},"end":{"line":46,"column":73}},"line":46},"4":{"name":"(anonymous_4)","decl":{"start":{"line":55,"column":25},"end":{"line":55,"column":26}},"loc":{"start":{"line":56,"column":16},"end":{"line":56,"column":73}},"line":56},"5":{"name":"(anonymous_5)","decl":{"start":{"line":68,"column":25},"end":{"line":68,"column":26}},"loc":{"start":{"line":69,"column":16},"end":{"line":69,"column":73}},"line":69},"6":{"name":"(anonymous_6)","decl":{"start":{"line":80,"column":21},"end":{"line":80,"column":22}},"loc":{"start":{"line":80,"column":27},"end":{"line":82,"column":13}},"line":80}},"branchMap":{"0":{"loc":{"start":{"line":30,"column":20},"end":{"line":30,"column":46}},"type":"cond-expr","locations":[{"start":{"line":30,"column":35},"end":{"line":30,"column":39}},{"start":{"line":30,"column":42},"end":{"line":30,"column":46}}],"line":30},"1":{"loc":{"start":{"line":36,"column":16},"end":{"line":36,"column":73}},"type":"cond-expr","locations":[{"start":{"line":36,"column":27},"end":{"line":36,"column":55}},{"start":{"line":36,"column":58},"end":{"line":36,"column":73}}],"line":36},"2":{"loc":{"start":{"line":46,"column":16},"end":{"line":46,"column":73}},"type":"cond-expr","locations":[{"start":{"line":46,"column":27},"end":{"line":46,"column":55}},{"start":{"line":46,"column":58},"end":{"line":46,"column":73}}],"line":46},"3":{"loc":{"start":{"line":56,"column":16},"end":{"line":56,"column":73}},"type":"cond-expr","locations":[{"start":{"line":56,"column":27},"end":{"line":56,"column":55}},{"start":{"line":56,"column":58},"end":{"line":56,"column":73}}],"line":56},"4":{"loc":{"start":{"line":69,"column":16},"end":{"line":69,"column":73}},"type":"cond-expr","locations":[{"start":{"line":69,"column":27},"end":{"line":69,"column":55}},{"start":{"line":69,"column":58},"end":{"line":69,"column":73}}],"line":69},"5":{"loc":{"start":{"line":81,"column":14},"end":{"line":81,"column":78}},"type":"cond-expr","locations":[{"start":{"line":81,"column":36},"end":{"line":81,"column":56}},{"start":{"line":81,"column":59},"end":{"line":81,"column":78}}],"line":81}},"s":{"0":1,"1":4,"2":4,"3":4,"4":4,"5":7,"6":4,"7":4,"8":4,"9":4,"10":4,"11":1},"f":{"0":4,"1":7,"2":4,"3":4,"4":4,"5":4,"6":1},"b":{"0":[4,0],"1":[4,0],"2":[0,4],"3":[0,4],"4":[0,4],"5":[1,0]},"_coverageSchema":"1a1c01bbd47fc00a2c39e90264f33305004495a9","hash":"b2cf9ed66ff713950ef13e21ebfbf2c76e9ae5de"}
,"C:\\Users\\dell\\Desktop\\gulab jaamun food ordering app\\src\\components\\RestaurantCard.tsx": {"path":"C:\\Users\\dell\\Desktop\\gulab jaamun food ordering app\\src\\components\\RestaurantCard.tsx","statementMap":{"0":{"start":{"line":20,"column":16},"end":{"line":49,"column":1}},"1":{"start":{"line":21,"column":22},"end":{"line":21,"column":27}},"2":{"start":{"line":26,"column":4},"end":{"line":26,"column":17}},"3":{"start":{"line":28,"column":2},"end":{"line":48,"column":4}},"4":{"start":{"line":54,"column":25},"end":{"line":65,"column":1}},"5":{"start":{"line":55,"column":2},"end":{"line":64,"column":4}},"6":{"start":{"line":56,"column":4},"end":{"line":63,"column":6}}},"fnMap":{"0":{"name":"(anonymous_0)","decl":{"start":{"line":20,"column":16},"end":{"line":20,"column":17}},"loc":{"start":{"line":20,"column":41},"end":{"line":49,"column":1}},"line":20},"1":{"name":"(anonymous_1)","decl":{"start":{"line":54,"column":25},"end":{"line":54,"column":26}},"loc":{"start":{"line":54,"column":43},"end":{"line":65,"column":1}},"line":54},"2":{"name":"(anonymous_2)","decl":{"start":{"line":55,"column":9},"end":{"line":55,"column":10}},"loc":{"start":{"line":55,"column":34},"end":{"line":64,"column":3}},"line":55}},"branchMap":{},"s":{"0":1,"1":1,"2":1,"3":1,"4":1,"5":0,"6":0},"f":{"0":1,"1":0,"2":0},"b":{},"_coverageSchema":"1a1c01bbd47fc00a2c39e90264f33305004495a9","hash":"d968b88d421254ca7b5178694a7f18843523256f"}
,"C:\\Users\\dell\\Desktop\\gulab jaamun food ordering app\\src\\components\\sum.tsx": {"path":"C:\\Users\\dell\\Desktop\\gulab jaamun food ordering app\\src\\components\\sum.tsx","statementMap":{"0":{"start":{"line":1,"column":12},"end":{"line":3,"column":1}},"1":{"start":{"line":2,"column":4},"end":{"line":2,"column":16}}},"fnMap":{"0":{"name":"(anonymous_0)","decl":{"start":{"line":1,"column":12},"end":{"line":1,"column":13}},"loc":{"start":{"line":1,"column":41},"end":{"line":3,"column":1}},"line":1}},"branchMap":{},"s":{"0":1,"1":1},"f":{"0":1},"b":{},"_coverageSchema":"1a1c01bbd47fc00a2c39e90264f33305004495a9","hash":"183fc8c80161123c6f1ce63b6e0673ac83b8a809"}
,"C:\\Users\\dell\\Desktop\\gulab jaamun food ordering app\\src\\utils\\UserContext.tsx": {"path":"C:\\Users\\dell\\Desktop\\gulab jaamun food ordering app\\src\\utils\\UserContext.tsx","statementMap":{"0":{"start":{"line":3,"column":20},"end":{"line":5,"column":2}}},"fnMap":{},"branchMap":{},"s":{"0":1},"f":{},"b":{},"_coverageSchema":"1a1c01bbd47fc00a2c39e90264f33305004495a9","hash":"9bcc9a7cf17c65e4137f2900d4b79c3374223253"}
,"C:\\Users\\dell\\Desktop\\gulab jaamun food ordering app\\src\\utils\\appStore.tsx": {"path":"C:\\Users\\dell\\Desktop\\gulab jaamun food ordering app\\src\\utils\\appStore.tsx","statementMap":{"0":{"start":{"line":4,"column":17},"end":{"line":9,"column":2}}},"fnMap":{},"branchMap":{},"s":{"0":1},"f":{},"b":{},"_coverageSchema":"1a1c01bbd47fc00a2c39e90264f33305004495a9","hash":"c434301cd188818b030b6a80cceaed7a2e5f3575"}
,"C:\\Users\\dell\\Desktop\\gulab jaamun food ordering app\\src\\utils\\cartSlice.tsx": {"path":"C:\\Users\\dell\\Desktop\\gulab jaamun food ordering app\\src\\utils\\cartSlice.tsx","statementMap":{"0":{"start":{"line":10,"column":18},"end":{"line":28,"column":2}},"1":{"start":{"line":18,"column":12},"end":{"line":18,"column":46}},"2":{"start":{"line":21,"column":12},"end":{"line":21,"column":31}},"3":{"start":{"line":25,"column":12},"end":{"line":25,"column":36}},"4":{"start":{"line":30,"column":51},"end":{"line":30,"column":68}}},"fnMap":{"0":{"name":"(anonymous_0)","decl":{"start":{"line":17,"column":16},"end":{"line":17,"column":17}},"loc":{"start":{"line":17,"column":56},"end":{"line":19,"column":9}},"line":17},"1":{"name":"(anonymous_1)","decl":{"start":{"line":20,"column":19},"end":{"line":20,"column":20}},"loc":{"start":{"line":20,"column":59},"end":{"line":23,"column":9}},"line":20},"2":{"name":"(anonymous_2)","decl":{"start":{"line":24,"column":18},"end":{"line":24,"column":19}},"loc":{"start":{"line":24,"column":31},"end":{"line":26,"column":9}},"line":24}},"branchMap":{},"s":{"0":1,"1":0,"2":0,"3":0,"4":1},"f":{"0":0,"1":0,"2":0},"b":{},"_coverageSchema":"1a1c01bbd47fc00a2c39e90264f33305004495a9","hash":"77a8b3da93319768939543fc4ccd3e32fb41ec9e"}
,"C:\\Users\\dell\\Desktop\\gulab jaamun food ordering app\\src\\utils\\constants.ts": {"path":"C:\\Users\\dell\\Desktop\\gulab jaamun food ordering app\\src\\utils\\constants.ts","statementMap":{"0":{"start":{"line":5,"column":31},"end":{"line":5,"column":114}},"1":{"start":{"line":7,"column":40},"end":{"line":7,"column":193}},"2":{"start":{"line":9,"column":33},"end":{"line":9,"column":171}},"3":{"start":{"line":11,"column":36},"end":{"line":11,"column":137}},"4":{"start":{"line":13,"column":38},"end":{"line":13,"column":208}}},"fnMap":{},"branchMap":{},"s":{"0":1,"1":1,"2":1,"3":1,"4":1},"f":{},"b":{},"_coverageSchema":"1a1c01bbd47fc00a2c39e90264f33305004495a9","hash":"c5971aec2c45776d9c3420eff6f60b0be841a8c7"}
,"C:\\Users\\dell\\Desktop\\gulab jaamun food ordering app\\src\\utils\\useOnlineStatus.tsx": {"path":"C:\\Users\\dell\\Desktop\\gulab jaamun food ordering app\\src\\utils\\useOnlineStatus.tsx","statementMap":{"0":{"start":{"line":3,"column":24},"end":{"line":16,"column":1}},"1":{"start":{"line":4,"column":33},"end":{"line":4,"column":56}},"2":{"start":{"line":6,"column":4},"end":{"line":13,"column":10}},"3":{"start":{"line":7,"column":8},"end":{"line":9,"column":10}},"4":{"start":{"line":8,"column":12},"end":{"line":8,"column":29}},"5":{"start":{"line":10,"column":8},"end":{"line":12,"column":10}},"6":{"start":{"line":11,"column":12},"end":{"line":11,"column":30}},"7":{"start":{"line":15,"column":4},"end":{"line":15,"column":19}}},"fnMap":{"0":{"name":"(anonymous_0)","decl":{"start":{"line":3,"column":24},"end":{"line":3,"column":25}},"loc":{"start":{"line":3,"column":29},"end":{"line":16,"column":1}},"line":3},"1":{"name":"(anonymous_1)","decl":{"start":{"line":6,"column":14},"end":{"line":6,"column":15}},"loc":{"start":{"line":6,"column":18},"end":{"line":13,"column":5}},"line":6},"2":{"name":"(anonymous_2)","decl":{"start":{"line":7,"column":41},"end":{"line":7,"column":42}},"loc":{"start":{"line":7,"column":45},"end":{"line":9,"column":9}},"line":7},"3":{"name":"(anonymous_3)","decl":{"start":{"line":10,"column":42},"end":{"line":10,"column":43}},"loc":{"start":{"line":10,"column":46},"end":{"line":12,"column":9}},"line":10}},"branchMap":{},"s":{"0":1,"1":4,"2":4,"3":3,"4":0,"5":3,"6":0,"7":4},"f":{"0":4,"1":3,"2":0,"3":0},"b":{},"_coverageSchema":"1a1c01bbd47fc00a2c39e90264f33305004495a9","hash":"055b84d0e8f73d7b23212229c915c469cc59d2aa"}
}
