TN:
SF:src\components\Body.tsx
FN:27,(anonymous_0)
FN:40,(anonymous_1)
FN:44,(anonymous_2)
FN:65,(anonymous_3)
FN:68,(anonymous_4)
FN:97,(anonymous_5)
FN:106,(anonymous_6)
FN:108,(anonymous_7)
FN:126,(anonymous_8)
FNF:9
FNH:9
FNDA:8,(anonymous_0)
FNDA:3,(anonymous_1)
FNDA:3,(anonymous_2)
FNDA:1,(anonymous_3)
FNDA:20,(anonymous_4)
FNDA:1,(anonymous_5)
FNDA:1,(anonymous_6)
FNDA:20,(anonymous_7)
FNDA:76,(anonymous_8)
DA:27,1
DA:31,8
DA:32,8
DA:33,8
DA:35,8
DA:40,8
DA:41,3
DA:44,8
DA:45,3
DA:46,3
DA:50,3
DA:53,3
DA:56,3
DA:57,3
DA:58,3
DA:61,0
DA:65,8
DA:66,1
DA:68,1
DA:70,20
DA:75,1
DA:78,8
DA:80,8
DA:81,0
DA:86,8
DA:98,1
DA:107,1
DA:108,20
DA:110,1
DA:127,76
LF:30
LH:28
BRDA:53,0,0,3
BRDA:53,0,1,0
BRDA:56,1,0,3
BRDA:56,1,1,0
BRDA:80,2,0,0
BRDA:80,2,1,8
BRDA:86,3,0,3
BRDA:86,3,1,5
BRDA:129,4,0,76
BRDA:129,4,1,0
BRF:10
BRH:6
end_of_record
TN:
SF:src\components\Cart.tsx
FN:5,(anonymous_0)
FN:6,(anonymous_1)
FN:8,(anonymous_2)
FN:18,(anonymous_3)
FNF:4
FNH:2
FNDA:1,(anonymous_0)
FNDA:2,(anonymous_1)
FNDA:0,(anonymous_2)
FNDA:0,(anonymous_3)
DA:5,1
DA:6,2
DA:7,1
DA:8,1
DA:9,0
DA:12,1
DA:18,0
LF:7
LH:5
BRDA:22,0,0,1
BRDA:22,0,1,1
BRF:2
BRH:2
end_of_record
TN:
SF:src\components\Contact.tsx
FN:1,(anonymous_0)
FNF:1
FNH:1
FNDA:5,(anonymous_0)
DA:1,1
DA:2,5
LF:2
LH:2
BRF:0
BRH:0
end_of_record
TN:
SF:src\components\Header.tsx
FN:10,(anonymous_0)
FN:17,(anonymous_1)
FN:35,(anonymous_2)
FN:45,(anonymous_3)
FN:55,(anonymous_4)
FN:68,(anonymous_5)
FN:80,(anonymous_6)
FNF:7
FNH:7
FNDA:5,(anonymous_0)
FNDA:9,(anonymous_1)
FNDA:5,(anonymous_2)
FNDA:5,(anonymous_3)
FNDA:5,(anonymous_4)
FNDA:5,(anonymous_5)
FNDA:1,(anonymous_6)
DA:10,2
DA:11,5
DA:12,5
DA:14,5
DA:17,9
DA:19,5
DA:36,5
DA:46,5
DA:56,5
DA:69,5
DA:81,1
LF:11
LH:11
BRDA:30,0,0,5
BRDA:30,0,1,0
BRDA:36,1,0,5
BRDA:36,1,1,0
BRDA:46,2,0,0
BRDA:46,2,1,5
BRDA:56,3,0,0
BRDA:56,3,1,5
BRDA:69,4,0,0
BRDA:69,4,1,5
BRDA:81,5,0,1
BRDA:81,5,1,0
BRF:12
BRH:6
end_of_record
TN:
SF:src\components\ItemList.tsx
FN:10,(anonymous_0)
FN:13,(anonymous_1)
FN:18,(anonymous_2)
FN:25,(anonymous_3)
FN:38,(anonymous_4)
FN:41,(anonymous_5)
FNF:6
FNH:1
FNDA:1,(anonymous_0)
FNDA:0,(anonymous_1)
FNDA:0,(anonymous_2)
FNDA:0,(anonymous_3)
FNDA:0,(anonymous_4)
FNDA:0,(anonymous_5)
DA:10,1
DA:12,1
DA:13,1
DA:14,0
DA:18,1
DA:19,0
DA:23,1
DA:26,0
DA:38,0
DA:41,0
LF:10
LH:5
BRDA:45,0,0,0
BRDA:45,0,1,0
BRDA:54,1,0,0
BRDA:54,1,1,0
BRF:4
BRH:0
end_of_record
TN:
SF:src\components\OfflinePage.tsx
FN:1,(anonymous_0)
FNF:1
FNH:0
FNDA:0,(anonymous_0)
DA:1,1
DA:2,0
LF:2
LH:1
BRF:0
BRH:0
end_of_record
TN:
SF:src\components\RestaurantCard.tsx
FN:20,(anonymous_0)
FN:57,(anonymous_1)
FN:58,(anonymous_2)
FNF:3
FNH:3
FNDA:77,(anonymous_0)
FNDA:8,(anonymous_1)
FNDA:76,(anonymous_2)
DA:20,2
DA:21,77
DA:26,77
DA:28,77
DA:57,2
DA:58,8
DA:59,76
LF:7
LH:7
BRF:0
BRH:0
end_of_record
TN:
SF:src\components\RestaurantCategory.tsx
FN:11,(anonymous_0)
FN:13,(anonymous_1)
FNF:2
FNH:0
FNDA:0,(anonymous_0)
FNDA:0,(anonymous_1)
DA:11,1
DA:13,0
DA:14,0
DA:17,0
LF:4
LH:1
BRDA:27,0,0,0
BRDA:27,0,1,0
BRF:2
BRH:0
end_of_record
TN:
SF:src\components\RestaurantMenu.tsx
FN:8,(anonymous_0)
FN:22,(anonymous_1)
FN:23,(anonymous_2)
FN:25,(anonymous_3)
FN:29,(anonymous_4)
FN:30,(anonymous_5)
FN:37,(anonymous_6)
FN:53,(anonymous_7)
FN:58,(anonymous_8)
FN:59,(anonymous_9)
FNF:10
FNH:1
FNDA:1,(anonymous_0)
FNDA:0,(anonymous_1)
FNDA:0,(anonymous_2)
FNDA:0,(anonymous_3)
FNDA:0,(anonymous_4)
FNDA:0,(anonymous_5)
FNDA:0,(anonymous_6)
FNDA:0,(anonymous_7)
FNDA:0,(anonymous_8)
FNDA:0,(anonymous_9)
DA:8,1
DA:9,1
DA:11,1
DA:13,1
DA:14,1
DA:17,0
DA:19,0
DA:21,0
DA:22,0
DA:23,0
DA:25,0
DA:28,0
DA:29,0
DA:30,0
DA:32,0
DA:36,0
DA:38,0
DA:44,0
DA:54,0
DA:59,0
LF:20
LH:5
BRDA:13,0,0,1
BRDA:13,0,1,0
BRDA:19,1,0,0
BRDA:19,1,1,0
BRDA:32,2,0,0
BRDA:32,2,1,0
BRDA:57,3,0,0
BRDA:57,3,1,0
BRDA:59,4,0,0
BRDA:59,4,1,0
BRF:10
BRH:1
end_of_record
TN:
SF:src\components\Shimmer.tsx
FN:1,(anonymous_0)
FN:45,(anonymous_1)
FNF:2
FNH:1
FNDA:3,(anonymous_0)
FNDA:0,(anonymous_1)
DA:1,2
DA:2,3
DA:45,2
DA:46,0
LF:4
LH:3
BRF:0
BRH:0
end_of_record
TN:
SF:src\components\sum.tsx
FN:1,(anonymous_0)
FNF:1
FNH:1
FNDA:1,(anonymous_0)
DA:1,1
DA:2,1
LF:2
LH:2
BRF:0
BRH:0
end_of_record
TN:
SF:src\utils\UserContext.tsx
FNF:0
FNH:0
DA:3,2
LF:1
LH:1
BRF:0
BRH:0
end_of_record
TN:
SF:src\utils\appStore.tsx
FNF:0
FNH:0
DA:4,2
LF:1
LH:1
BRF:0
BRH:0
end_of_record
TN:
SF:src\utils\cartSlice.tsx
FN:17,(anonymous_0)
FN:20,(anonymous_1)
FN:24,(anonymous_2)
FNF:3
FNH:0
FNDA:0,(anonymous_0)
FNDA:0,(anonymous_1)
FNDA:0,(anonymous_2)
DA:10,2
DA:18,0
DA:21,0
DA:25,0
DA:30,2
LF:5
LH:2
BRF:0
BRH:0
end_of_record
TN:
SF:src\utils\constants.ts
FNF:0
FNH:0
DA:5,3
DA:7,3
DA:9,3
DA:11,3
DA:13,3
LF:5
LH:5
BRF:0
BRH:0
end_of_record
TN:
SF:src\utils\useOnlineStatus.tsx
FN:3,(anonymous_0)
FN:6,(anonymous_1)
FN:7,(anonymous_2)
FN:10,(anonymous_3)
FNF:4
FNH:2
FNDA:13,(anonymous_0)
FNDA:7,(anonymous_1)
FNDA:0,(anonymous_2)
FNDA:0,(anonymous_3)
DA:3,3
DA:4,13
DA:6,13
DA:7,7
DA:8,0
DA:10,7
DA:11,0
DA:15,13
LF:8
LH:6
BRF:0
BRH:0
end_of_record
TN:
SF:src\utils\useRestauranMenu.tsx
FN:5,(anonymous_0)
FN:9,(anonymous_1)
FN:13,(anonymous_2)
FNF:3
FNH:0
FNDA:0,(anonymous_0)
FNDA:0,(anonymous_1)
FNDA:0,(anonymous_2)
DA:5,1
DA:7,0
DA:9,0
DA:10,0
DA:13,0
DA:14,0
DA:15,0
DA:16,0
DA:19,0
LF:9
LH:1
BRF:0
BRH:0
end_of_record
