TN:
SF:src\components\Contact.tsx
FN:1,(anonymous_0)
FNF:1
FNH:1
FNDA:5,(anonymous_0)
DA:1,1
DA:2,5
LF:2
LH:2
BRF:0
BRH:0
end_of_record
TN:
SF:src\components\Header.tsx
FN:10,(anonymous_0)
FN:17,(anonymous_1)
FN:35,(anonymous_2)
FN:45,(anonymous_3)
FN:55,(anonymous_4)
FN:68,(anonymous_5)
FN:80,(anonymous_6)
FNF:7
FNH:7
FNDA:4,(anonymous_0)
FNDA:7,(anonymous_1)
FNDA:4,(anonymous_2)
FNDA:4,(anonymous_3)
FNDA:4,(anonymous_4)
FNDA:4,(anonymous_5)
FNDA:1,(anonymous_6)
DA:10,1
DA:11,4
DA:12,4
DA:14,4
DA:17,7
DA:19,4
DA:36,4
DA:46,4
DA:56,4
DA:69,4
DA:81,1
LF:11
LH:11
BRDA:30,0,0,4
BRDA:30,0,1,0
BRDA:36,1,0,4
BRDA:36,1,1,0
BRDA:46,2,0,0
BRDA:46,2,1,4
BRDA:56,3,0,0
BRDA:56,3,1,4
BRDA:69,4,0,0
BRDA:69,4,1,4
BRDA:81,5,0,1
BRDA:81,5,1,0
BRF:12
BRH:6
end_of_record
TN:
SF:src\components\RestaurantCard.tsx
FN:20,(anonymous_0)
FN:54,(anonymous_1)
FN:55,(anonymous_2)
FNF:3
FNH:1
FNDA:1,(anonymous_0)
FNDA:0,(anonymous_1)
FNDA:0,(anonymous_2)
DA:20,1
DA:21,1
DA:26,1
DA:28,1
DA:54,1
DA:55,0
DA:56,0
LF:7
LH:5
BRF:0
BRH:0
end_of_record
TN:
SF:src\components\sum.tsx
FN:1,(anonymous_0)
FNF:1
FNH:1
FNDA:1,(anonymous_0)
DA:1,1
DA:2,1
LF:2
LH:2
BRF:0
BRH:0
end_of_record
TN:
SF:src\utils\UserContext.tsx
FNF:0
FNH:0
DA:3,1
LF:1
LH:1
BRF:0
BRH:0
end_of_record
TN:
SF:src\utils\appStore.tsx
FNF:0
FNH:0
DA:4,1
LF:1
LH:1
BRF:0
BRH:0
end_of_record
TN:
SF:src\utils\cartSlice.tsx
FN:17,(anonymous_0)
FN:20,(anonymous_1)
FN:24,(anonymous_2)
FNF:3
FNH:0
FNDA:0,(anonymous_0)
FNDA:0,(anonymous_1)
FNDA:0,(anonymous_2)
DA:10,1
DA:18,0
DA:21,0
DA:25,0
DA:30,1
LF:5
LH:2
BRF:0
BRH:0
end_of_record
TN:
SF:src\utils\constants.ts
FNF:0
FNH:0
DA:5,1
DA:7,1
DA:9,1
DA:11,1
DA:13,1
LF:5
LH:5
BRF:0
BRH:0
end_of_record
TN:
SF:src\utils\useOnlineStatus.tsx
FN:3,(anonymous_0)
FN:6,(anonymous_1)
FN:7,(anonymous_2)
FN:10,(anonymous_3)
FNF:4
FNH:2
FNDA:4,(anonymous_0)
FNDA:3,(anonymous_1)
FNDA:0,(anonymous_2)
FNDA:0,(anonymous_3)
DA:3,1
DA:4,4
DA:6,4
DA:7,3
DA:8,0
DA:10,3
DA:11,0
DA:15,4
LF:8
LH:6
BRF:0
BRH:0
end_of_record
